<?xml version="1.0" encoding="UTF-8" ?>
<testsuite failures="0" time="0.006" errors="0" skipped="0" tests="1" name="groovy.AppTest">
  <properties>
    <property name="java.runtime.name" value="Java(TM) SE Runtime Environment"/>
    <property name="sun.boot.library.path" value="C:\jdk1.6.0_31\jre\bin"/>
    <property name="java.vm.version" value="20.6-b01"/>
    <property name="java.vm.vendor" value="Sun Microsystems Inc."/>
    <property name="java.vendor.url" value="http://java.sun.com/"/>
    <property name="path.separator" value=";"/>
    <property name="guice.disable.misplaced.annotation.check" value="true"/>
    <property name="java.vm.name" value="Java HotSpot(TM) Client VM"/>
    <property name="file.encoding.pkg" value="sun.io"/>
    <property name="user.country" value="US"/>
    <property name="sun.java.launcher" value="SUN_STANDARD"/>
    <property name="sun.os.patch.level" value="Service Pack 1"/>
    <property name="java.vm.specification.name" value="Java Virtual Machine Specification"/>
    <property name="user.dir" value="C:\Users\mukadder\git\tara\GroovyMongoBlogPost"/>
    <property name="java.runtime.version" value="1.6.0_31-b05"/>
    <property name="java.awt.graphicsenv" value="sun.awt.Win32GraphicsEnvironment"/>
    <property name="java.endorsed.dirs" value="C:\jdk1.6.0_31\jre\lib\endorsed"/>
    <property name="os.arch" value="x86"/>
    <property name="java.io.tmpdir" value="C:\Users\mukadder\AppData\Local\Temp\"/>
    <property name="line.separator" value="
"/>
    <property name="java.vm.specification.vendor" value="Sun Microsystems Inc."/>
    <property name="user.variant" value=""/>
    <property name="os.name" value="Windows 7"/>
    <property name="classworlds.conf" value="C:\Users\mukadder\Documents\workspace-ggts-3.3.0.RELEASE\.metadata\.plugins\org.eclipse.m2e.launching\launches\m2conf5101279150727019759.tmp"/>
    <property name="sun.jnu.encoding" value="Cp1252"/>
    <property name="java.library.path" value="C:\jdk1.6.0_31\bin;C:\Windows\Sun\Java\bin;C:\Windows\system32;C:\Windows;C:\Oracle11g\instantclient_10_2\BIN;C:\Windows\system32;C:\Windows;C:\Windows\System32\Wbem;C:\Windows\System32\WindowsPowerShell\v1.0\;C:\Program Files (x86)\ATI Technologies\ATI.ACE\Core-Static;C:\SWTOOLS\ReadyApps;C:\jdk1.6.0_31\bin;C:\apache-ant-1.8.2\bin;C:\apache-ant-1.8.2\lib;C:\apache-maven-2.2.1;C:\cygwin\bin;c:\cygwin\usr\bin;C:\Program Files\doxygen\bin;C:\amazon\ec2-api-tools-1.5.3.0\bin;C:\Users\mukadder\AppData\Local\Temp\jboss\jboss-as-7.1.1.Final;C:\jtds\apache-cxf-2.6.0\lib;C:\Program Files\SlikSvn\bin;%ORACLE HOME%\network\admin;C:\Program Files (x86)\scala\\bin;C:\Program Files (x86)\QuickTime\QTSystem\;C:\oracle\instantclient_11_2;C:\Groovy\groovy-2.1.0\bin;C:\Ruby193\bin;C:\Program Files (x86)\Attachmate\Reflection\;C:\Program Files (x86)\sbt\;C:\gradle-1.6-all\gradle-1.6\bin;C:\Program Files (x86)\giter8\;C:\Program Files (x86)\Groovy\Groovy-2.1.3\bin;C:\Grails\grails-2.2.1\grails-2.2.1\bin;C:\Program Files (x86)\Heroku\bin;C:\Program Files (x86)\git\cmd;C:\Heroku\bin;C:\apache-tomcat-7.0.27\bin;C:\apache-maven-3.0.5\bin;."/>
    <property name="java.specification.name" value="Java Platform API Specification"/>
    <property name="java.class.version" value="50.0"/>
    <property name="sun.management.compiler" value="HotSpot Client Compiler"/>
    <property name="os.version" value="6.1"/>
    <property name="user.home" value="C:\Users\mukadder"/>
    <property name="user.timezone" value="America/New_York"/>
    <property name="java.awt.printerjob" value="sun.awt.windows.WPrinterJob"/>
    <property name="file.encoding" value="Cp1252"/>
    <property name="java.specification.version" value="1.6"/>
    <property name="user.name" value="mukadder"/>
    <property name="java.class.path" value="/C:/amazon/gghts/ggts-3.3.0.RELEASE/configuration/org.eclipse.osgi/bundles/900/1/.cp/jars/plexus-classworlds-2.4.jar"/>
    <property name="java.vm.specification.version" value="1.0"/>
    <property name="sun.arch.data.model" value="32"/>
    <property name="java.home" value="C:\jdk1.6.0_31\jre"/>
    <property name="sun.java.command" value="org.codehaus.plexus.classworlds.launcher.Launcher -B -s C:\Users\mukadder\.m2\settings.xml clean install"/>
    <property name="java.specification.vendor" value="Sun Microsystems Inc."/>
    <property name="user.language" value="en"/>
    <property name="awt.toolkit" value="sun.awt.windows.WToolkit"/>
    <property name="java.vm.info" value="mixed mode, sharing"/>
    <property name="java.version" value="1.6.0_31"/>
    <property name="java.ext.dirs" value="C:\jdk1.6.0_31\jre\lib\ext;C:\Windows\Sun\Java\lib\ext"/>
    <property name="sun.boot.class.path" value="C:\jdk1.6.0_31\jre\lib\resources.jar;C:\jdk1.6.0_31\jre\lib\rt.jar;C:\jdk1.6.0_31\jre\lib\sunrsasign.jar;C:\jdk1.6.0_31\jre\lib\jsse.jar;C:\jdk1.6.0_31\jre\lib\jce.jar;C:\jdk1.6.0_31\jre\lib\charsets.jar;C:\jdk1.6.0_31\jre\lib\modules\jdk.boot.jar;C:\jdk1.6.0_31\jre\classes"/>
    <property name="java.vendor" value="Sun Microsystems Inc."/>
    <property name="maven.home" value="C:\Users\mukadder\git\tara\GroovyMongoBlogPost\EMBEDDED"/>
    <property name="file.separator" value="\"/>
    <property name="java.vendor.url.bug" value="http://java.sun.com/cgi-bin/bugreport.cgi"/>
    <property name="maven.bootclasspath" value="/C:/amazon/gghts/ggts-3.3.0.RELEASE/configuration/org.eclipse.osgi/bundles/900/1/.cp/jars/plexus-classworlds-2.4.jar"/>
    <property name="sun.cpu.endian" value="little"/>
    <property name="sun.io.unicode.encoding" value="UnicodeLittle"/>
    <property name="sun.desktop" value="windows"/>
    <property name="sun.cpu.isalist" value="pentium_pro+mmx pentium_pro pentium+mmx pentium i486 i386 i86"/>
  </properties>
  <testcase time="0.001" classname="groovy.AppTest" name="testApp"/>
</testsuite>